[Fri May 10 17:31:39 CST 2013] [Thread0] Connecting jdbc:mysql://localhost/?user=root&password=fatworm
[Fri May 10 17:31:39 CST 2013] [Thread0] Connection established.
[Fri May 10 17:31:39 CST 2013] [Thread0] Setting AUTO_COMMIT mode as false
[Fri May 10 17:31:39 CST 2013] [Thread0] Executing: use opt
[Fri May 10 17:31:39 CST 2013] [Thread0] isQuery? false
[Fri May 10 17:31:39 CST 2013] [Thread0] Executing: create table TTAA(
[Fri May 10 17:31:39 CST 2013] [Thread0] id  int,
[Fri May 10 17:31:39 CST 2013] [Thread0] val int
[Fri May 10 17:31:39 CST 2013] [Thread0] )
[Fri May 10 17:31:41 CST 2013] [Thread0] isQuery? false
[Fri May 10 17:31:41 CST 2013] [Thread0] Executing: create table TTAD(
[Fri May 10 17:31:41 CST 2013] [Thread0] id  int,
[Fri May 10 17:31:41 CST 2013] [Thread0] val int
[Fri May 10 17:31:41 CST 2013] [Thread0] )
[Fri May 10 17:31:42 CST 2013] [Thread0] isQuery? false
[Fri May 10 17:31:42 CST 2013] [Thread0] Executing: create table TTBB(
[Fri May 10 17:31:42 CST 2013] [Thread0] id  int,
[Fri May 10 17:31:42 CST 2013] [Thread0] val int
[Fri May 10 17:31:42 CST 2013] [Thread0] )
[Fri May 10 17:31:42 CST 2013] [Thread0] isQuery? false
[Fri May 10 17:31:42 CST 2013] [Thread0] Executing: create table TTBD(
[Fri May 10 17:31:42 CST 2013] [Thread0] id  int,
[Fri May 10 17:31:42 CST 2013] [Thread0] val int
[Fri May 10 17:31:42 CST 2013] [Thread0] )
[Fri May 10 17:31:42 CST 2013] [Thread0] isQuery? false
[Fri May 10 17:31:42 CST 2013] [Thread0] Executing: insert into TTAA(
[Fri May 10 17:31:42 CST 2013] [Thread0] select * from TTA
[Fri May 10 17:31:42 CST 2013] [Thread0] )
[Fri May 10 17:31:42 CST 2013] [Thread0] isQuery? false
[Fri May 10 17:31:42 CST 2013] [Thread0] Executing: insert into TTAA(
[Fri May 10 17:31:42 CST 2013] [Thread0] select id, val+10 from TTT
[Fri May 10 17:31:42 CST 2013] [Thread0] )
[Fri May 10 17:31:42 CST 2013] [Thread0] isQuery? false
[Fri May 10 17:31:42 CST 2013] [Thread0] Executing: insert into TTBB(
[Fri May 10 17:31:42 CST 2013] [Thread0] select * from TTB
[Fri May 10 17:31:42 CST 2013] [Thread0] )
[Fri May 10 17:31:42 CST 2013] [Thread0] isQuery? false
[Fri May 10 17:31:42 CST 2013] [Thread0] Executing: insert into TTAD(
[Fri May 10 17:31:42 CST 2013] [Thread0] select * from TTA
[Fri May 10 17:31:42 CST 2013] [Thread0] )
[Fri May 10 17:31:43 CST 2013] [Thread0] isQuery? false
[Fri May 10 17:31:43 CST 2013] [Thread0] Executing: insert into TTBD(
[Fri May 10 17:31:43 CST 2013] [Thread0] select * from TTB
[Fri May 10 17:31:43 CST 2013] [Thread0] )
[Fri May 10 17:31:43 CST 2013] [Thread0] isQuery? false
[Fri May 10 17:31:43 CST 2013] [Thread0] Executing: insert into TTAD(
[Fri May 10 17:31:43 CST 2013] [Thread0] select id, val+10 from TTT
[Fri May 10 17:31:43 CST 2013] [Thread0] )
[Fri May 10 17:31:43 CST 2013] [Thread0] isQuery? false
[Fri May 10 17:31:43 CST 2013] [Thread0] Executing: insert into TTBD(
[Fri May 10 17:31:43 CST 2013] [Thread0] select id, val+11 from TTT
[Fri May 10 17:31:43 CST 2013] [Thread0] )
[Fri May 10 17:31:43 CST 2013] [Thread0] isQuery? false
[Fri May 10 17:31:43 CST 2013] [Thread Time] 3374
[Fri May 10 17:31:43 CST 2013] [Total Time] 3524
