[Fri May 10 17:29:02 CST 2013] [Thread0] Connecting jdbc:mysql://localhost/?user=root&password=fatworm
[Fri May 10 17:29:02 CST 2013] [Thread0] Connection established.
[Fri May 10 17:29:02 CST 2013] [Thread0] Setting AUTO_COMMIT mode as false
[Fri May 10 17:29:02 CST 2013] [Thread0] Executing: use ATISN
[Fri May 10 17:29:02 CST 2013] [Thread0] isQuery? false
[Fri May 10 17:29:02 CST 2013] [Thread0] Executing: select sum(engines) from aircraft
[Fri May 10 17:29:02 CST 2013] [Thread0] isQuery? true
[Fri May 10 17:29:02 CST 2013] [Thread0] Query executed, begin to fetch and check result
[Fri May 10 17:29:02 CST 2013] [Thread0] Executing: select avg(engines) from aircraft
[Fri May 10 17:29:02 CST 2013] [Thread0] isQuery? true
[Fri May 10 17:29:02 CST 2013] [Thread0] Query executed, begin to fetch and check result
[Fri May 10 17:29:02 CST 2013] [Thread0] Executing: select avg(engines) from aircraft where engines>0
[Fri May 10 17:29:02 CST 2013] [Thread0] isQuery? true
[Fri May 10 17:29:02 CST 2013] [Thread0] Query executed, begin to fetch and check result
[Fri May 10 17:29:02 CST 2013] [Thread0] Executing: select count(aircraftcode),min(payload),max(payload) from aircraft where payload>0
[Fri May 10 17:29:02 CST 2013] [Thread0] isQuery? true
[Fri May 10 17:29:02 CST 2013] [Thread0] Query executed, begin to fetch and check result
[Fri May 10 17:29:02 CST 2013] [Thread0] Executing: select min(flightcode),min(flightcode) from flight
[Fri May 10 17:29:02 CST 2013] [Thread0] isQuery? true
[Fri May 10 17:29:02 CST 2013] [Thread0] Query executed, begin to fetch and check result
[Fri May 10 17:29:02 CST 2013] [Thread0] Executing: select min(fromairport),min(toairport) from flight
[Fri May 10 17:29:02 CST 2013] [Thread0] isQuery? true
[Fri May 10 17:29:02 CST 2013] [Thread0] Query executed, begin to fetch and check result
[Fri May 10 17:29:02 CST 2013] [Thread0] Executing: select count(aircraftcode) from aircraft where payload>10000
[Fri May 10 17:29:02 CST 2013] [Thread0] isQuery? true
[Fri May 10 17:29:02 CST 2013] [Thread0] Query executed, begin to fetch and check result
[Fri May 10 17:29:02 CST 2013] [Thread0] Executing: select count(aircraftcode) from aircraft where payload<>0
[Fri May 10 17:29:02 CST 2013] [Thread0] isQuery? true
[Fri May 10 17:29:02 CST 2013] [Thread0] Query executed, begin to fetch and check result
[Fri May 10 17:29:02 CST 2013] [Thread0] Executing: select count(flightcode) from flight where flightcode >= 112793
[Fri May 10 17:29:02 CST 2013] [Thread0] isQuery? true
[Fri May 10 17:29:02 CST 2013] [Thread0] Query executed, begin to fetch and check result
[Fri May 10 17:29:02 CST 2013] [Thread0] Executing: use ATISN
[Fri May 10 17:29:02 CST 2013] [Thread0] isQuery? false
[Fri May 10 17:29:02 CST 2013] [Thread0] Executing: select citycode, avg(groundfare) from groundservice where groundfare<>0 group by citycode order by citycode
[Fri May 10 17:29:02 CST 2013] [Thread0] isQuery? true
[Fri May 10 17:29:02 CST 2013] [Thread0] Query executed, begin to fetch and check result
[Fri May 10 17:29:02 CST 2013] [Thread0] Executing: select groundservice.citycode from groundservice group by groundservice.citycode order by groundservice.citycode
[Fri May 10 17:29:02 CST 2013] [Thread0] isQuery? true
[Fri May 10 17:29:02 CST 2013] [Thread0] Query executed, begin to fetch and check result
[Fri May 10 17:29:02 CST 2013] [Thread0] Executing: select category,count(aircraftcode) as totalnr from aircraft where engines=2 group by category having totalnr>4 order by category
[Fri May 10 17:29:02 CST 2013] [Thread0] isQuery? true
[Fri May 10 17:29:02 CST 2013] [Thread0] Query executed, begin to fetch and check result
[Fri May 10 17:29:02 CST 2013] [Thread0] Executing: select category,count(aircraftcode) from aircraft where engines=2 group by category having count(aircraftcode)>4 order by category
[Fri May 10 17:29:02 CST 2013] [Thread0] isQuery? true
[Fri May 10 17:29:02 CST 2013] [Thread0] Query executed, begin to fetch and check result
[Fri May 10 17:29:02 CST 2013] [Thread0] Executing: select dayname.dayname,count(flightday.daymask) from flightday,dayname where dayname.daycode=flightday.daycode group by dayname.dayname order by dayname.dayname
[Fri May 10 17:29:02 CST 2013] [Thread0] isQuery? true
[Fri May 10 17:29:02 CST 2013] [Thread0] Query executed, begin to fetch and check result
[Fri May 10 17:29:02 CST 2013] [Thread Time] 34
[Fri May 10 17:29:02 CST 2013] [Total Time] 144
