[Fri May 10 17:29:01 CST 2013] [Thread0] Connecting jdbc:mysql://localhost/?user=root&password=fatworm
[Fri May 10 17:29:01 CST 2013] [Thread0] Connection established.
[Fri May 10 17:29:01 CST 2013] [Thread0] Setting AUTO_COMMIT mode as false
[Fri May 10 17:29:01 CST 2013] [Thread0] Executing: use ATISN
[Fri May 10 17:29:01 CST 2013] [Thread0] isQuery? false
[Fri May 10 17:29:01 CST 2013] [Thread0] Executing: select city.cityname,state.statename,city.citycode from city,state where city.citycode='MATL' and city.statecode=state.statecode order by city.cityname,state.statename,city.citycode
[Fri May 10 17:29:01 CST 2013] [Thread0] isQuery? true
[Fri May 10 17:29:01 CST 2013] [Thread0] Query executed, begin to fetch and check result
[Fri May 10 17:29:01 CST 2013] [Thread0] Executing: select city.cityname,state.statename,city.citycode from state,city where city.statecode=state.statecode order by city.cityname,state.statename,city.citycode
[Fri May 10 17:29:01 CST 2013] [Thread0] isQuery? true
[Fri May 10 17:29:01 CST 2013] [Thread0] Query executed, begin to fetch and check result
[Fri May 10 17:29:01 CST 2013] [Thread0] Executing: use ATISN
[Fri May 10 17:29:01 CST 2013] [Thread0] isQuery? false
[Fri May 10 17:29:01 CST 2013] [Thread0] Executing: select monthname.monthname,dayname.dayname from monthname,dayname where monthname.monthnumber=dayname.daycode order by monthname.monthname,dayname.dayname
[Fri May 10 17:29:01 CST 2013] [Thread0] isQuery? true
[Fri May 10 17:29:01 CST 2013] [Thread0] Query executed, begin to fetch and check result
[Fri May 10 17:29:01 CST 2013] [Thread0] Executing: select monthname.monthname,dayname.dayname from monthname,dayname where monthname.monthnumber=dayname.daycode and dayname.daycode >= 4 order by monthname.monthname,dayname.dayname
[Fri May 10 17:29:01 CST 2013] [Thread0] isQuery? true
[Fri May 10 17:29:01 CST 2013] [Thread0] Query executed, begin to fetch and check result
[Fri May 10 17:29:01 CST 2013] [Thread0] Executing: select flight.flightcode,aircraft.aircrafttype from flight,aircraft where flight.aircraftcode=aircraft.aircraftcode order by flight.flightcode,aircraft.aircrafttype
[Fri May 10 17:29:01 CST 2013] [Thread0] isQuery? true
[Fri May 10 17:29:01 CST 2013] [Thread0] Query executed, begin to fetch and check result
[Fri May 10 17:29:01 CST 2013] [Thread0] Executing: use ATISN
[Fri May 10 17:29:01 CST 2013] [Thread0] isQuery? false
[Fri May 10 17:29:01 CST 2013] [Thread0] Executing: select fare.farecode from restrictcarrier,airline,fare where restrictcarrier.airlinecode=airline.airlinecode and fare.restrictcode=restrictcarrier.restrictcode order by fare.farecode
[Fri May 10 17:29:01 CST 2013] [Thread0] isQuery? true
[Fri May 10 17:29:01 CST 2013] [Thread0] Query executed, begin to fetch and check result
[Fri May 10 17:29:02 CST 2013] [Thread0] Executing: select airline.airlinename,aircraft.aircrafttype from aircraft,airline,flight where flight.aircraftcode=aircraft.aircraftcode and flight.airlinecode=airline.airlinecode order by airline.airlinename,aircraft.aircrafttype
[Fri May 10 17:29:02 CST 2013] [Thread0] isQuery? true
[Fri May 10 17:29:02 CST 2013] [Thread0] Query executed, begin to fetch and check result
[Fri May 10 17:29:02 CST 2013] [Thread Time] 357
[Fri May 10 17:29:02 CST 2013] [Total Time] 621
