[Fri May 10 17:29:02 CST 2013] [Thread0] Connecting jdbc:mysql://localhost/?user=root&password=fatworm
[Fri May 10 17:29:02 CST 2013] [Thread0] Connection established.
[Fri May 10 17:29:02 CST 2013] [Thread0] Setting AUTO_COMMIT mode as false
[Fri May 10 17:29:02 CST 2013] [Thread0] Executing: use ATISN
[Fri May 10 17:29:02 CST 2013] [Thread0] isQuery? false
[Fri May 10 17:29:02 CST 2013] [Thread0] Executing: select DISTINCT flightnumber,rangemiles,fareclass FROM aircraft,flight,flightclass WHERE flight.flightcode=flightclass.flightcode AND flight.aircraftcode=aircraft.aircraftcode AND rangemiles<>0 AND (stops=1 OR stops=2) order by flightnumber,rangemiles,fareclass
[Fri May 10 17:29:02 CST 2013] [Thread0] isQuery? true
[Fri May 10 17:29:02 CST 2013] [Thread0] Query executed, begin to fetch and check result
[Fri May 10 17:29:02 CST 2013] [Thread0] Executing: select DISTINCT fromairport,toairport,rangemiles,timeelapsed FROM aircraft,flight WHERE aircraft.aircraftcode=flight.aircraftcode AND toairport <> fromairport AND rangemiles<>0 AND timeelapsed<>0 order by fromairport,toairport,rangemiles,timeelapsed
[Fri May 10 17:29:02 CST 2013] [Thread0] isQuery? true
[Fri May 10 17:29:02 CST 2013] [Thread0] Query executed, begin to fetch and check result
[Fri May 10 17:29:02 CST 2013] [Thread0] Executing: select DISTINCT airport.countryname,state.statename,city.cityname,airportservice.direction FROM airportservice,state,airport,city WHERE airportservice.citycode=city.citycode AND airportservice.airportcode=airport.airportcode AND state.statecode=airport.statecode AND state.statecode=city.statecode AND airport.statecode=city.statecode AND airport.countryname=city.countryname AND airport.countryname=state.countryname AND city.timezonecode=airport.timezonecode ORDER BY airport.countryname,state.statename,city.cityname,airportservice.direction
[Fri May 10 17:29:02 CST 2013] [Thread0] isQuery? true
[Fri May 10 17:29:02 CST 2013] [Thread0] Query executed, begin to fetch and check result
[Fri May 10 17:29:02 CST 2013] [Thread0] Executing: select DISTINCT fromairport,toairport,fare.fareclass,night,onewaycost,rndtripcost,classdays FROM compoundclass,fare WHERE compoundclass.fareclass=fare.fareclass AND onewaycost <= 825 AND onewaycost >= 280 AND fromairport='SFO' AND toairport='DFW' ORDER BY fromairport,toairport,fare.fareclass,night,onewaycost,rndtripcost,classdays
[Fri May 10 17:29:02 CST 2013] [Thread0] isQuery? true
[Fri May 10 17:29:02 CST 2013] [Thread0] Query executed, begin to fetch and check result
[Fri May 10 17:29:02 CST 2013] [Thread0] Executing: select DISTINCT engines,category,cruisingspeed,fromairport,toairport FROM aircraft,flight WHERE category='JET' AND ENGINES >= 1 AND aircraft.aircraftcode=flight.aircraftcode AND toairport <> fromairport AND stops>0 ORDER BY engines,category,cruisingspeed,fromairport,toairport
[Fri May 10 17:29:02 CST 2013] [Thread0] isQuery? true
[Fri May 10 17:29:02 CST 2013] [Thread0] Query executed, begin to fetch and check result
[Fri May 10 17:29:02 CST 2013] [Thread Time] 57
[Fri May 10 17:29:02 CST 2013] [Total Time] 145
