[Fri May 10 17:32:31 CST 2013] [Thread0] Connecting jdbc:mysql://localhost/?user=root&password=fatworm
[Fri May 10 17:32:31 CST 2013] [Thread0] Connection established.
[Fri May 10 17:32:31 CST 2013] [Thread0] Setting AUTO_COMMIT mode as false
[Fri May 10 17:32:31 CST 2013] [Thread0] Executing: use acm
[Fri May 10 17:32:31 CST 2013] [Thread0] isQuery? false
[Fri May 10 17:32:31 CST 2013] [Thread0] Executing: create table auto(
[Fri May 10 17:32:31 CST 2013] [Thread0] id int auto_increment,
[Fri May 10 17:32:31 CST 2013] [Thread0] name varchar(20),
[Fri May 10 17:32:31 CST 2013] [Thread0] primary key(id))
[Fri May 10 17:32:31 CST 2013] [Thread0] isQuery? false
[Fri May 10 17:32:31 CST 2013] [Thread0] Executing: insert into auto values (3, 'AAA')
[Fri May 10 17:32:31 CST 2013] [Thread0] isQuery? false
[Fri May 10 17:32:31 CST 2013] [Thread0] Executing: select * from auto where id = 3
[Fri May 10 17:32:31 CST 2013] [Thread0] isQuery? true
[Fri May 10 17:32:31 CST 2013] [Thread0] Query executed, begin to fetch and check result
[Fri May 10 17:32:31 CST 2013] [Thread0] Executing: insert into auto values (null, 'BBB')
[Fri May 10 17:32:31 CST 2013] [Thread0] isQuery? false
[Fri May 10 17:32:31 CST 2013] [Thread0] Executing: select * from auto
[Fri May 10 17:32:31 CST 2013] [Thread0] isQuery? true
[Fri May 10 17:32:31 CST 2013] [Thread0] Query executed, begin to fetch and check result
[Fri May 10 17:32:31 CST 2013] [Thread0] Executing: select * from auto where id = 4
[Fri May 10 17:32:31 CST 2013] [Thread0] isQuery? true
[Fri May 10 17:32:31 CST 2013] [Thread0] Query executed, begin to fetch and check result
[Fri May 10 17:32:32 CST 2013] [Thread0] Executing: insert into auto values (default, 'CCC')
[Fri May 10 17:32:32 CST 2013] [Thread0] isQuery? false
[Fri May 10 17:32:32 CST 2013] [Thread0] Executing: select * from auto where id = 5
[Fri May 10 17:32:32 CST 2013] [Thread0] isQuery? true
[Fri May 10 17:32:32 CST 2013] [Thread0] Query executed, begin to fetch and check result
[Fri May 10 17:32:32 CST 2013] [Thread0] Executing: insert into auto values (default, 'DDD')
[Fri May 10 17:32:32 CST 2013] [Thread0] isQuery? false
[Fri May 10 17:32:32 CST 2013] [Thread0] Executing: select * from auto where id = 6
[Fri May 10 17:32:32 CST 2013] [Thread0] isQuery? true
[Fri May 10 17:32:32 CST 2013] [Thread0] Query executed, begin to fetch and check result
[Fri May 10 17:32:32 CST 2013] [Thread0] Executing: insert into auto values (1, 'EEE')
[Fri May 10 17:32:32 CST 2013] [Thread0] isQuery? false
[Fri May 10 17:32:32 CST 2013] [Thread0] Executing: select * from auto where id = 1
[Fri May 10 17:32:32 CST 2013] [Thread0] isQuery? true
[Fri May 10 17:32:32 CST 2013] [Thread0] Query executed, begin to fetch and check result
[Fri May 10 17:32:32 CST 2013] [Thread0] Executing: insert into auto values (null, 'FFF')
[Fri May 10 17:32:32 CST 2013] [Thread0] isQuery? false
[Fri May 10 17:32:32 CST 2013] [Thread0] Executing: select * from auto where id = 7
[Fri May 10 17:32:32 CST 2013] [Thread0] isQuery? true
[Fri May 10 17:32:32 CST 2013] [Thread0] Query executed, begin to fetch and check result
[Fri May 10 17:32:32 CST 2013] [Thread0] Executing: drop table auto
[Fri May 10 17:32:32 CST 2013] [Thread0] isQuery? false
[Fri May 10 17:32:32 CST 2013] [Thread Time] 313
[Fri May 10 17:32:32 CST 2013] [Total Time] 442
