[Fri May 10 17:33:57 CST 2013] [Thread0] Connecting jdbc:mysql://localhost/?user=root&password=fatworm
[Fri May 10 17:33:57 CST 2013] [Thread0] Connection established.
[Fri May 10 17:33:57 CST 2013] [Thread0] Setting AUTO_COMMIT mode as false
[Fri May 10 17:33:57 CST 2013] [Thread0] Executing: USE winsconsin
[Fri May 10 17:33:57 CST 2013] [Thread0] isQuery? false
[Fri May 10 17:33:57 CST 2013] [Thread0] Executing: insert into tenk1 values (10001, 74001, 0, 2, 0, 10, 50, 688, 1950, 4950, 9950, 1, 100, 'ron may choi','jae kwang choi', 'u. c. berkeley')
[Fri May 10 17:33:57 CST 2013] [Thread0] isQuery? false
[Fri May 10 17:33:57 CST 2013] [Thread0] Executing: insert into tenk1 values (19991, 60001, 0, 2, 0, 10, 50, 688, 1950, 4950, 9950, 1, 100, 'ron may choi','jae kwang choi', 'u. c. berkeley')
[Fri May 10 17:33:57 CST 2013] [Thread0] isQuery? false
[Fri May 10 17:33:57 CST 2013] [Thread0] Executing: delete from tenk1 where tenk1.unique2 = 877
[Fri May 10 17:33:57 CST 2013] [Thread0] isQuery? false
[Fri May 10 17:33:57 CST 2013] [Thread0] Executing: delete from tenk1 where tenk1.unique2 = 876
[Fri May 10 17:33:58 CST 2013] [Thread0] isQuery? false
[Fri May 10 17:33:58 CST 2013] [Thread0] Executing: update tenk1 set unique2 = 10001 where tenk1.unique2 =1491
[Fri May 10 17:33:58 CST 2013] [Thread0] isQuery? false
[Fri May 10 17:33:58 CST 2013] [Thread0] Executing: update tenk1 set unique2 = 10023 where tenk1.unique2 =1480
[Fri May 10 17:33:58 CST 2013] [Thread0] isQuery? false
[Fri May 10 17:33:58 CST 2013] [Thread0] Executing: insert into tenk1  values (20002, 70002, 0, 2, 0, 10, 50, 688, 1950, 4950, 9950, 1, 100, 'ron may choi', 'jae kwang choi', 'u. c. berkeley')
[Fri May 10 17:33:58 CST 2013] [Thread0] isQuery? false
[Fri May 10 17:33:58 CST 2013] [Thread0] Executing: insert into tenk1  values (50002, 40002, 0, 2, 0, 10, 50, 688, 1950, 4950, 9950, 1, 100, 'ron may choi', 'jae kwang choi', 'u. c. berkeley')
[Fri May 10 17:33:58 CST 2013] [Thread0] isQuery? false
[Fri May 10 17:33:58 CST 2013] [Thread0] Executing: delete from tenk1 where tenk1.unique2 = 10001
[Fri May 10 17:33:58 CST 2013] [Thread0] isQuery? false
[Fri May 10 17:33:58 CST 2013] [Thread0] Executing: delete from tenk1 where tenk1.unique2 = 900
[Fri May 10 17:33:58 CST 2013] [Thread0] isQuery? false
[Fri May 10 17:33:58 CST 2013] [Thread0] Executing: update tenk1 set unique2 = 10088 where tenk1.unique2 =187
[Fri May 10 17:33:58 CST 2013] [Thread0] isQuery? false
[Fri May 10 17:33:58 CST 2013] [Thread0] Executing: update tenk1 set unique2 = 10003 where tenk1.unique2 =2000
[Fri May 10 17:33:58 CST 2013] [Thread0] isQuery? false
[Fri May 10 17:33:58 CST 2013] [Thread0] Executing: update tenk1 set unique2 = 10020 where tenk1.unique2 =1974
[Fri May 10 17:33:58 CST 2013] [Thread0] isQuery? false
[Fri May 10 17:33:58 CST 2013] [Thread0] Executing: update tenk1 set unique2 = 16001 where tenk1.unique2 =1140
[Fri May 10 17:33:58 CST 2013] [Thread0] isQuery? false
[Fri May 10 17:33:58 CST 2013] [Thread Time] 242
[Fri May 10 17:33:58 CST 2013] [Total Time] 329
